<?xml version="1.0" encoding="UTF-8"?>
<!-- Generated by org.testng.reporters.JUnitReportReporter -->
<testsuite hostname="Home-Laptop" name="com.api.tests.sampleApiTest" tests="2" failures="0" timestamp="28 Oct 2021 18:56:27 GMT" time="20.988" errors="0">
  <testcase name="createEmployee" time="12.983" classname="com.api.tests.sampleApiTest"/>
  <testcase name="createEmployee" time="8.005" classname="com.api.tests.sampleApiTest"/>
</testsuite> <!-- com.api.tests.sampleApiTest -->
